2018-07-08 14:02:30,448 INFO 8412 [Timer] F:\vue-study\koa2\egg-example\node_modules\egg-logrotator\app\schedule\clean_log.js next time will execute at 2018-07-09 00:00:00.000
2018-07-08 14:02:30,454 INFO 8412 [Timer] F:\vue-study\koa2\egg-example\node_modules\egg-logrotator\app\schedule\rotate_by_file.js next time will execute at 2018-07-09 00:00:01.000
2018-07-08 15:12:51,411 INFO 8580 [Timer] F:\vue-study\koa2\egg-example\node_modules\egg-logrotator\app\schedule\clean_log.js next time will execute at 2018-07-09 00:00:00.000
2018-07-08 15:12:51,413 INFO 8580 [Timer] F:\vue-study\koa2\egg-example\node_modules\egg-logrotator\app\schedule\rotate_by_file.js next time will execute at 2018-07-09 00:00:01.000
2018-07-08 15:50:01,227 INFO 8136 [Timer] F:\vue-study\koa2\egg-example\node_modules\egg-logrotator\app\schedule\clean_log.js next time will execute at 2018-07-09 00:00:00.000
2018-07-08 15:50:01,229 INFO 8136 [Timer] F:\vue-study\koa2\egg-example\node_modules\egg-logrotator\app\schedule\rotate_by_file.js next time will execute at 2018-07-09 00:00:01.000
2018-07-08 15:55:59,830 INFO 4200 [Timer] F:\vue-study\koa2\egg-example\node_modules\egg-logrotator\app\schedule\clean_log.js next time will execute at 2018-07-09 00:00:00.000
2018-07-08 15:55:59,832 INFO 4200 [Timer] F:\vue-study\koa2\egg-example\node_modules\egg-logrotator\app\schedule\rotate_by_file.js next time will execute at 2018-07-09 00:00:01.000
2018-07-08 16:06:44,507 INFO 5832 [Timer] F:\vue-study\koa2\egg-example\node_modules\egg-logrotator\app\schedule\clean_log.js next time will execute at 2018-07-09 00:00:00.000
2018-07-08 16:06:44,508 INFO 5832 [Timer] F:\vue-study\koa2\egg-example\node_modules\egg-logrotator\app\schedule\rotate_by_file.js next time will execute at 2018-07-09 00:00:01.000
2018-07-08 16:08:46,829 INFO 11680 [Timer] F:\vue-study\koa2\egg-example\node_modules\egg-logrotator\app\schedule\clean_log.js next time will execute at 2018-07-09 00:00:00.000
2018-07-08 16:08:46,835 INFO 11680 [Timer] F:\vue-study\koa2\egg-example\node_modules\egg-logrotator\app\schedule\rotate_by_file.js next time will execute at 2018-07-09 00:00:01.000
2018-07-08 17:17:49,120 INFO 11028 [Timer] F:\vue-study\koa2\egg-example\node_modules\egg-logrotator\app\schedule\clean_log.js next time will execute at 2018-07-09 00:00:00.000
2018-07-08 17:17:49,122 INFO 11028 [Timer] F:\vue-study\koa2\egg-example\node_modules\egg-logrotator\app\schedule\rotate_by_file.js next time will execute at 2018-07-09 00:00:01.000
2018-07-08 17:23:37,443 INFO 11820 [Timer] F:\vue-study\koa2\egg-example\node_modules\egg-logrotator\app\schedule\clean_log.js next time will execute at 2018-07-09 00:00:00.000
2018-07-08 17:23:37,445 INFO 11820 [Timer] F:\vue-study\koa2\egg-example\node_modules\egg-logrotator\app\schedule\rotate_by_file.js next time will execute at 2018-07-09 00:00:01.000
2018-07-09 21:25:20,686 INFO 10672 [Timer] F:\vue-study\koa-demo\node_modules\egg-logrotator\app\schedule\clean_log.js next time will execute at 2018-07-10 00:00:00.000
2018-07-09 21:25:20,687 INFO 10672 [Timer] F:\vue-study\koa-demo\node_modules\egg-logrotator\app\schedule\rotate_by_file.js next time will execute at 2018-07-10 00:00:01.000
2018-07-09 21:47:10,834 INFO 7908 [Timer] F:\vue-study\koa-demo\node_modules\egg-logrotator\app\schedule\clean_log.js next time will execute at 2018-07-10 00:00:00.000
2018-07-09 21:47:10,839 INFO 7908 [Timer] F:\vue-study\koa-demo\node_modules\egg-logrotator\app\schedule\rotate_by_file.js next time will execute at 2018-07-10 00:00:01.000
2018-07-11 21:49:03,844 INFO 2872 [Timer] F:\vue-study\koa-demo\node_modules\egg-logrotator\app\schedule\clean_log.js next time will execute at 2018-07-12 00:00:00.000
2018-07-11 21:49:03,846 INFO 2872 [Timer] F:\vue-study\koa-demo\node_modules\egg-logrotator\app\schedule\rotate_by_file.js next time will execute at 2018-07-12 00:00:01.000
2018-07-11 21:57:28,088 INFO 2068 [Timer] F:\vue-study\koa-demo\node_modules\egg-logrotator\app\schedule\clean_log.js next time will execute at 2018-07-12 00:00:00.000
2018-07-11 21:57:28,090 INFO 2068 [Timer] F:\vue-study\koa-demo\node_modules\egg-logrotator\app\schedule\rotate_by_file.js next time will execute at 2018-07-12 00:00:01.000
2018-07-11 22:34:42,572 INFO 5268 [Timer] F:\vue-study\koa-demo\node_modules\egg-logrotator\app\schedule\clean_log.js next time will execute at 2018-07-12 00:00:00.000
2018-07-11 22:34:42,573 INFO 5268 [Timer] F:\vue-study\koa-demo\node_modules\egg-logrotator\app\schedule\rotate_by_file.js next time will execute at 2018-07-12 00:00:01.000
2018-07-11 22:38:16,834 INFO 11488 [Timer] F:\vue-study\koa-demo\node_modules\egg-logrotator\app\schedule\clean_log.js next time will execute at 2018-07-12 00:00:00.000
2018-07-11 22:38:16,834 INFO 11488 [Timer] F:\vue-study\koa-demo\node_modules\egg-logrotator\app\schedule\rotate_by_file.js next time will execute at 2018-07-12 00:00:01.000
2020-11-30 07:42:45,152 INFO 9112 [Timer] D:\sl\myCode\koa-demo\node_modules\egg-logrotator\app\schedule\clean_log.js next time will execute at 2020-12-01 00:00:00.000
2020-11-30 07:42:45,156 INFO 9112 [Timer] D:\sl\myCode\koa-demo\node_modules\egg-logrotator\app\schedule\rotate_by_file.js next time will execute at 2020-12-01 00:00:01.000
2020-12-06 13:15:55,006 INFO 13204 [Timer] D:\sl\myCode\koa-demo\node_modules\egg-logrotator\app\schedule\clean_log.js next time will execute at 2020-12-07 00:00:00.000
2020-12-06 13:15:55,007 INFO 13204 [Timer] D:\sl\myCode\koa-demo\node_modules\egg-logrotator\app\schedule\rotate_by_file.js next time will execute at 2020-12-07 00:00:01.000
2020-12-06 15:03:32,632 INFO 3024 [Timer] D:\sl\myCode\koa-demo\node_modules\egg-logrotator\app\schedule\clean_log.js next time will execute at 2020-12-07 00:00:00.000
2020-12-06 15:03:32,633 INFO 3024 [Timer] D:\sl\myCode\koa-demo\node_modules\egg-logrotator\app\schedule\rotate_by_file.js next time will execute at 2020-12-07 00:00:01.000
2020-12-06 15:37:40,738 INFO 2692 [Timer] D:\sl\myCode\koa-demo\node_modules\egg-logrotator\app\schedule\clean_log.js next time will execute at 2020-12-07 00:00:00.000
2020-12-06 15:37:40,739 INFO 2692 [Timer] D:\sl\myCode\koa-demo\node_modules\egg-logrotator\app\schedule\rotate_by_file.js next time will execute at 2020-12-07 00:00:01.000
2020-12-06 16:50:23,225 INFO 4396 [Timer] D:\sl\myCode\koa-demo\node_modules\egg-logrotator\app\schedule\clean_log.js next time will execute at 2020-12-07 00:00:00.000
2020-12-06 16:50:23,226 INFO 4396 [Timer] D:\sl\myCode\koa-demo\node_modules\egg-logrotator\app\schedule\rotate_by_file.js next time will execute at 2020-12-07 00:00:01.000
2020-12-08 09:02:23,059 INFO 11124 [Timer] D:\sl\myCode\koa-demo\node_modules\egg-logrotator\app\schedule\clean_log.js next time will execute at 2020-12-09 00:00:00.000
2020-12-08 09:02:23,060 INFO 11124 [Timer] D:\sl\myCode\koa-demo\node_modules\egg-logrotator\app\schedule\rotate_by_file.js next time will execute at 2020-12-09 00:00:01.000
2020-12-08 22:11:50,048 INFO 8240 [Timer] D:\sl\myCode\koa-demo\node_modules\egg-logrotator\app\schedule\clean_log.js next time will execute at 2020-12-09 00:00:00.000
2020-12-08 22:11:50,050 INFO 8240 [Timer] D:\sl\myCode\koa-demo\node_modules\egg-logrotator\app\schedule\rotate_by_file.js next time will execute at 2020-12-09 00:00:01.000
2020-12-10 08:19:05,344 INFO 6464 [Timer] D:\sl\myCode\koa-demo\node_modules\egg-logrotator\app\schedule\clean_log.js next time will execute at 2020-12-11 00:00:00.000
2020-12-10 08:19:05,345 INFO 6464 [Timer] D:\sl\myCode\koa-demo\node_modules\egg-logrotator\app\schedule\rotate_by_file.js next time will execute at 2020-12-11 00:00:01.000
2020-12-10 08:52:29,386 INFO 10824 [Timer] D:\sl\myCode\koa-demo\node_modules\egg-logrotator\app\schedule\clean_log.js next time will execute at 2020-12-11 00:00:00.000
2020-12-10 08:52:29,388 INFO 10824 [Timer] D:\sl\myCode\koa-demo\node_modules\egg-logrotator\app\schedule\rotate_by_file.js next time will execute at 2020-12-11 00:00:01.000
